<?xml version="1.0" encoding="UTF-8"?>
<testng-results skipped="0" failed="0" ignored="0" total="1" passed="1">
  <reporter-output>
  </reporter-output>
  <suite name="Default suite" duration-ms="18855" started-at="2021-04-07T19:30:14Z" finished-at="2021-04-07T19:30:33Z">
    <groups>
    </groups>
    <test name="Default test" duration-ms="18855" started-at="2021-04-07T19:30:14Z" finished-at="2021-04-07T19:30:33Z">
      <class name="SeleniumPractice.SeleniumPractice.DropDownDemo">
        <test-method status="PASS" signature="test()[pri:0, instance:SeleniumPractice.SeleniumPractice.DropDownDemo@7995092a]" name="test" duration-ms="18616" started-at="2021-04-07T19:30:14Z" finished-at="2021-04-07T19:30:33Z">
          <reporter-output>
          </reporter-output>
        </test-method> <!-- test -->
      </class> <!-- SeleniumPractice.SeleniumPractice.DropDownDemo -->
    </test> <!-- Default test -->
  </suite> <!-- Default suite -->
</testng-results>
